sudo raspi-config
sudo reboot
ifconfig
sudo vi /etc/wpa_supplicant/wpa_supplicant.conf 
sudo apt-get update
sudo apt-get upgrade
df -h
python --version
python3 --version
sudo apt purge timidity lxmusic gnome-disk-utility deluge-gtk evince wicd wicd-gtk clipit usermode gucharmap gnome-system-tools pavucontrol
sudo apt-get install python-rpi.gpio python3-rpi.gpio
vi gpio_test.py
python3 gpio_test.py 
vi gpio_test.py
python3 gpio_test.py 
sudo python3 gpio_test.py 
vi gpio_test.py
sudo python3 gpio_test.py 
ci gpio_bcm.py
vi gpio_bcm.py
sudo python3 gpio_bcm.py 
vi gpio_bcm.py 
sudo python3 gpio_bcm.py 
sudo apt-get install xrdp
ip addr
sudo apt-get install lxde-core lxappearance
sudo apt-get install xfce4 xfce4-terminal
sudo apt-get install mate-desktop-environment-core
sudo apt-get install lightdm
sudo reboot
sudo apt-get install scim-chewing
sudo apt-get install ttf-wqy-microhei ttf-wqy-zenhei xfonts-wqy
cp /etc/X11/xinit/xinitrc ~/.xinitrc
vi ~/.xinitrc
sudo apt-get install rc-gui
sudo apt-get install openbox lxterminal
sudo apt-get install lightdm
sudo reboot
sudo apt-get update
sudo apt-get install chromium-browser
sudo apt-get install python3-thonny
pip3 install numpy matplotlib
sudo apt-get install build-essential cmake unzip pkg-config
sudo apt-get install libjpeg-dev libpng-dev libtiff-dev
sudo apt-get install libavcodec-dev libavformat-dev libswscale-dev libv4l-dev
sudo apt-get install libxvidcore-dev libx264-dev
sudo apt-get install libgtk-3-dev
sudo apt-get install libatlas-base-dev gfortran
wget https://bootstrap.pypa.io/get-pip.py
sudo python3 get-pip.py
sudo pip install virtualenv virtualenvwrapper
sudo rm -rf ~/get-pip.py ~/.cache/pip
vi .bashrc
source ~/.bashrc
mkvirtualenv cv -p python3
pip install numpy
curl -sSL https://get.docker.com | sh
sudo usermod -aG docker pi
docker images
docker login
sudo docker pull howardweng/howard-node-red-lass
docker-compose
docker version
sudo docker images
sudo docker ps
sudo docker run -it -p 1880:2222 howardweng/howard-node-red-lass
sudo vi /etc/dphys-swapfile 
sudo /etc/init.d/dphys-swapfile stop
sudo /etc/init.d/dphys-swapfile start
swapon -s
sudo apt-get update && sudo apt-get upgrade
